This is pdfTeX, Version 3.14159265-2.6-1.40.18 (TeX Live 2017/Debian) (preloaded format=pdflatex 2018.10.19)  3 DEC 2018 10:15
entering extended mode
 restricted \write18 enabled.
 %&-line parsing enabled.
**Portada.tex
(./Portada.tex
LaTeX2e <2017-04-15>
Babel <3.18> and hyphenation patterns for 84 language(s) loaded.
! Undefined control sequence.
l.2 \AddToShipoutPicture
                        *{\Cice}
The control sequence at the end of the top line
of your error message was never \def'ed. If you have
misspelled it (e.g., `\hobx'), type `I' and the correct
spelling (e.g., `I\hbox'). Otherwise just continue,
and I'll forget about whatever was undefined.


! LaTeX Error: Missing \begin{document}.

See the LaTeX manual or LaTeX Companion for explanation.
Type  H <return>  for immediate help.
 ...                                              
                                                  
l.2 \AddToShipoutPicture*
                         {\Cice}
You're in trouble here.  Try typing  <return>  to proceed.
If that doesn't work, type  X <return>  to quit.

Missing character: There is no * in font nullfont!
! Undefined control sequence.
l.2 \AddToShipoutPicture*{\Cice
                               }
The control sequence at the end of the top line
of your error message was never \def'ed. If you have
misspelled it (e.g., `\hobx'), type `I' and the correct
spelling (e.g., `I\hbox'). Otherwise just continue,
and I'll forget about whatever was undefined.


Overfull \hbox (20.0pt too wide) in paragraph at lines 2--3
[] 
 []


! LaTeX Error: Environment spacing undefined.

See the LaTeX manual or LaTeX Companion for explanation.
Type  H <return>  for immediate help.
 ...                                              
                                                  
l.8 	\begin{spacing}
                    {0.9}
Your command was ignored.
Type  I <command> <return>  to replace it with another command,
or  <return>  to continue without it.

Missing character: There is no 0 in font nullfont!
Missing character: There is no . in font nullfont!
Missing character: There is no 9 in font nullfont!
! Undefined control sequence.
<recently read> \textcolor 
                           
l.11 }}}
        
The control sequence at the end of the top line
of your error message was never \def'ed. If you have
misspelled it (e.g., `\hobx'), type `I' and the correct
spelling (e.g., `I\hbox'). Otherwise just continue,
and I'll forget about whatever was undefined.


! LaTeX Error: \begin{flushleft} on input line 7 ended by \end{spacing}.

See the LaTeX manual or LaTeX Companion for explanation.
Type  H <return>  for immediate help.
 ...                                              
                                                  
l.12 	\end{spacing}
                   
Your command was ignored.
Type  I <command> <return>  to replace it with another command,
or  <return>  to continue without it.


Overfull \hbox (256.0748pt too wide) in paragraph at lines 6--16
 [] 
 []

)
Runaway argument?
{ \par \makebox [20cm][l]{ \textbf {\textcolor {CiceGray}{}} } \par \makebox \E
TC.
! File ended while scanning use of \@imakebox.
<inserted text> 
                \par 
<*> Portada.tex
               
I suspect you have forgotten a `}', causing me
to read past where you wanted me to stop.
I'll try to recover; but if the error is serious,
you'd better type `E' or `X' now and fix your file.

! Emergency stop.
<*> Portada.tex
               
*** (job aborted, no legal \end found)

 
Here is how much of TeX's memory you used:
 13 strings out of 492982
 209 string characters out of 6134895
 53912 words of memory out of 5000000
 3677 multiletter control sequences out of 15000+600000
 4242 words of font info for 16 fonts, out of 8000000 for 9000
 1141 hyphenation exceptions out of 8191
 14i,3n,11p,51b,267s stack positions out of 5000i,500n,10000p,200000b,80000s
!  ==> Fatal error occurred, no output PDF file produced!
